<?xml version="1.0" encoding="utf-8"?><testsuites name="pytest tests"><testsuite name="pytest" errors="0" failures="0" skipped="0" tests="12" time="0.954" timestamp="2026-08-23T07:26:15.665069+00:00" hostname="agent-env-678bd9c4-9f14-47de-b6ce-9db4a6fcffd5"><testcase classname="tests.backend_test.TestGenerate" name="test_curated_coord_outraged" time="0.163" /><testcase classname="tests.backend_test.TestEmotionsList" name="test_list" time="0.143" /><testcase classname="tests.backend_test.TestEmotionsList" name="test_curated_coverage" time="0.044" /><testcase classname="tests.backend_test.TestGenerate" name="test_llm_generate_and_cache" time="0.125" /><testcase classname="tests.backend_test.TestEmotionsList" name="test_total_emotions_within_169" time="0.042" /><testcase classname="tests.backend_test.TestEmotionsList" name="test_exactly_169_full_grid" time="0.048" /><testcase classname="tests.backend_test.TestEmotionsList" name="test_known_placeholder_and_curated_entries" time="0.043" /><testcase classname="tests.backend_test.TestGenerate" name="test_generate_4_minus2" time="0.042" /><testcase classname="tests.backend_test.TestEmotionsList" name="test_generate_origin_curated" time="0.043" /><testcase classname="tests.backend_test.TestGenerate" name="test_out_of_bounds" time="0.042" /><testcase classname="tests.backend_test.TestRoot" name="test_root" time="0.039" /><testcase classname="tests.backend_test.TestGenerate" name="test_invalid_payload" time="0.084" /></testsuite></testsuites>