<?xml version="1.0" encoding="utf-8"?><testsuites name="pytest tests"><testsuite name="pytest" errors="0" failures="0" skipped="0" tests="9" time="1.085" timestamp="2026-08-23T06:43:09.619699+00:00" hostname="agent-env-678bd9c4-9f14-47de-b6ce-9db4a6fcffd5"><testcase classname="tests.backend_test.TestEmotionsList" name="test_list" time="0.206" /><testcase classname="tests.backend_test.TestGenerate" name="test_curated_coord_outraged" time="0.199" /><testcase classname="tests.backend_test.TestGenerate" name="test_llm_generate_and_cache" time="0.157" /><testcase classname="tests.backend_test.TestEmotionsList" name="test_curated_coverage" time="0.045" /><testcase classname="tests.backend_test.TestEmotionsList" name="test_total_emotions_within_169" time="0.045" /><testcase classname="tests.backend_test.TestRoot" name="test_root" time="0.043" /><testcase classname="tests.backend_test.TestGenerate" name="test_generate_4_minus2" time="0.078" /><testcase classname="tests.backend_test.TestGenerate" name="test_out_of_bounds" time="0.038" /><testcase classname="tests.backend_test.TestGenerate" name="test_invalid_payload" time="0.079" /></testsuite></testsuites>